<?xml version="1.0" encoding="UTF-8"?>
<testng-results skipped="0" failed="0" ignored="0" total="8" passed="8">
  <reporter-output>
  </reporter-output>
  <suite name="Suite" duration-ms="70" started-at="2020-06-20T05:58:26Z" finished-at="2020-06-20T05:58:26Z">
    <groups>
    </groups>
    <test name="Test" duration-ms="70" started-at="2020-06-20T05:58:26Z" finished-at="2020-06-20T05:58:26Z">
      <class name="Framework.ThreadpoolTest">
        <test-method status="PASS" signature="test1()[pri:0, instance:Framework.ThreadpoolTest@61832929]" name="test1" duration-ms="32" started-at="2020-06-20T05:58:26Z" finished-at="2020-06-20T05:58:26Z">
          <reporter-output>
          </reporter-output>
        </test-method> <!-- test1 -->
        <test-method status="PASS" signature="test3()[pri:0, instance:Framework.ThreadpoolTest@61832929]" name="test3" duration-ms="31" started-at="2020-06-20T05:58:26Z" finished-at="2020-06-20T05:58:26Z">
          <reporter-output>
          </reporter-output>
        </test-method> <!-- test3 -->
        <test-method status="PASS" signature="test2()[pri:0, instance:Framework.ThreadpoolTest@61832929]" name="test2" duration-ms="32" started-at="2020-06-20T05:58:26Z" finished-at="2020-06-20T05:58:26Z">
          <reporter-output>
          </reporter-output>
        </test-method> <!-- test2 -->
        <test-method status="PASS" signature="test2()[pri:0, instance:Framework.ThreadpoolTest@61832929]" name="test2" duration-ms="32" started-at="2020-06-20T05:58:26Z" finished-at="2020-06-20T05:58:26Z">
          <reporter-output>
          </reporter-output>
        </test-method> <!-- test2 -->
        <test-method status="PASS" signature="test2()[pri:0, instance:Framework.ThreadpoolTest@61832929]" name="test2" duration-ms="32" started-at="2020-06-20T05:58:26Z" finished-at="2020-06-20T05:58:26Z">
          <reporter-output>
          </reporter-output>
        </test-method> <!-- test2 -->
        <test-method status="PASS" signature="test2()[pri:0, instance:Framework.ThreadpoolTest@61832929]" name="test2" duration-ms="7" started-at="2020-06-20T05:58:26Z" finished-at="2020-06-20T05:58:26Z">
          <reporter-output>
          </reporter-output>
        </test-method> <!-- test2 -->
        <test-method status="PASS" signature="test2()[pri:0, instance:Framework.ThreadpoolTest@61832929]" name="test2" duration-ms="5" started-at="2020-06-20T05:58:26Z" finished-at="2020-06-20T05:58:26Z">
          <reporter-output>
          </reporter-output>
        </test-method> <!-- test2 -->
        <test-method status="PASS" signature="test2()[pri:0, instance:Framework.ThreadpoolTest@61832929]" name="test2" duration-ms="5" started-at="2020-06-20T05:58:26Z" finished-at="2020-06-20T05:58:26Z">
          <reporter-output>
          </reporter-output>
        </test-method> <!-- test2 -->
      </class> <!-- Framework.ThreadpoolTest -->
    </test> <!-- Test -->
  </suite> <!-- Suite -->
</testng-results>
